1761781291	NO_CACHE	https://example.com
1761781312	NO_CACHE	https://example.com
1761781313	NO_CACHE	https://example.com
1761781395	NO_CACHE	https://jsonplaceholder.typicode.com
1761784172	NO_CACHE	https://www.google.com
1761784193	NO_CACHE	https://www.wikipedia.org
1761784196	NO_CACHE	https://www.microsoft.com
1761784198	NO_CACHE	https://www.apple.com
1761784199	NO_CACHE	https://www.docker.com
1761784487	NO_CACHE	https://www.google.com
1761784487	NO_CACHE	https://www.google.com
1761784488	NO_CACHE	https://www.google.com
1761784488	NO_CACHE	https://www.google.com
1761784490	NO_CACHE	https://www.google.com
1761784491	NO_CACHE	https://www.google.com
1761784491	NO_CACHE	https://www.google.com
1761784492	NO_CACHE	https://www.google.com
1761784492	NO_CACHE	https://www.google.com
1761784493	NO_CACHE	https://www.google.com
1761784512	NO_CACHE	https://www.wikipedia.org
1761784512	NO_CACHE	https://www.github.com
1761784513	NO_CACHE	https://www.wikipedia.org
1761784514	NO_CACHE	https://www.wikipedia.org
1761784514	NO_CACHE	https://www.github.com
1761784515	NO_CACHE	https://www.microsoft.com
1761784515	NO_CACHE	https://www.microsoft.com
1761784515	NO_CACHE	https://www.microsoft.com
1761784515	NO_CACHE	https://www.wikipedia.org
1761784516	NO_CACHE	https://www.apple.com
1761784517	NO_CACHE	https://www.apple.com
1761784517	NO_CACHE	https://www.docker.com
1761784518	NO_CACHE	https://www.docker.com
1761784518	NO_CACHE	https://www.python.org
1761784518	NO_CACHE	https://www.microsoft.com
1761784518	NO_CACHE	https://www.python.org
1761784518	NO_CACHE	https://www.github.com
1761784518	NO_CACHE	https://www.ruby-lang.org
1761784518	NO_CACHE	https://www.github.com
1761784519	NO_CACHE	https://www.apple.com
1761784519	NO_CACHE	https://www.ruby-lang.org
1761784519	NO_CACHE	https://locust.io
1761784519	NO_CACHE	https://www.wikipedia.org
1761784519	NO_CACHE	https://www.wikipedia.org
1761784519	NO_CACHE	https://www.docker.com
1761784519	NO_CACHE	https://locust.io
1761784520	NO_CACHE	https://www.python.org
1761784521	NO_CACHE	https://www.ruby-lang.org
1761784521	NO_CACHE	https://www.google.com
1761784521	NO_CACHE	https://www.github.com
1761784521	NO_CACHE	https://www.apple.com
1761784521	NO_CACHE	https://www.microsoft.com
1761784521	NO_CACHE	https://www.google.com
1761784522	NO_CACHE	https://locust.io
1761784522	NO_CACHE	https://www.microsoft.com
1761784524	NO_CACHE	https://www.github.com
1761784524	NO_CACHE	https://www.github.com
1761784524	NO_CACHE	https://www.github.com
1761784524	NO_CACHE	https://www.wikipedia.org
1761784524	NO_CACHE	https://www.google.com
1761784525	NO_CACHE	https://www.wikipedia.org
1761784527	NO_CACHE	https://www.wikipedia.org
1761784527	NO_CACHE	https://www.microsoft.com
1761784527	NO_CACHE	https://www.microsoft.com
1761784527	NO_CACHE	https://www.docker.com
1761784528	NO_CACHE	https://www.python.org
1761784528	NO_CACHE	https://www.ruby-lang.org
1761784529	NO_CACHE	https://www.microsoft.com
1761784529	NO_CACHE	https://www.apple.com
1761784529	NO_CACHE	https://www.apple.com
1761784529	NO_CACHE	https://locust.io
1761784530	NO_CACHE	https://www.apple.com
1761784530	NO_CACHE	https://www.docker.com
1761784530	NO_CACHE	https://www.docker.com
1761784531	NO_CACHE	https://www.python.org
1761784531	NO_CACHE	https://www.docker.com
1761784531	NO_CACHE	https://www.python.org
1761784531	NO_CACHE	https://www.ruby-lang.org
1761784531	NO_CACHE	https://www.apple.com
1761784531	NO_CACHE	https://www.python.org
1761784531	NO_CACHE	https://www.ruby-lang.org
1761784532	NO_CACHE	https://www.google.com
1761784532	NO_CACHE	https://www.ruby-lang.org
1761784532	NO_CACHE	https://www.docker.com
1761784532	NO_CACHE	https://locust.io
1761784532	NO_CACHE	https://locust.io
1761784533	NO_CACHE	https://www.python.org
1761784533	NO_CACHE	https://locust.io
1761784533	NO_CACHE	https://www.wikipedia.org
1761784533	NO_CACHE	https://www.ruby-lang.org
1761784534	NO_CACHE	https://locust.io
1761784534	NO_CACHE	https://www.google.com
1761784535	NO_CACHE	https://www.google.com
1761784535	NO_CACHE	https://www.microsoft.com
1761784535	NO_CACHE	https://www.google.com
1761784536	NO_CACHE	https://www.github.com
1761784536	NO_CACHE	https://www.google.com
1761784536	NO_CACHE	https://www.wikipedia.org
1761784537	NO_CACHE	https://www.apple.com
1761784538	NO_CACHE	https://www.docker.com
1761784539	NO_CACHE	https://www.microsoft.com
1761784539	NO_CACHE	https://www.python.org
1761784539	NO_CACHE	https://www.ruby-lang.org
1761784540	NO_CACHE	https://locust.io
1761784541	NO_CACHE	https://www.apple.com
1761784542	NO_CACHE	https://www.wikipedia.org
1761784542	NO_CACHE	https://www.docker.com
1761784542	NO_CACHE	https://www.google.com
1761784543	NO_CACHE	https://www.github.com
1761784543	NO_CACHE	https://www.python.org
1761784544	NO_CACHE	https://www.wikipedia.org
1761784544	NO_CACHE	https://www.ruby-lang.org
1761784544	NO_CACHE	https://www.microsoft.com
1761784545	NO_CACHE	https://www.github.com
1761784547	NO_CACHE	https://www.github.com
1761784548	NO_CACHE	https://www.github.com
1761784549	NO_CACHE	https://www.github.com
1761784550	NO_CACHE	https://www.apple.com
1761784551	NO_CACHE	https://www.github.com
1761784555	NO_CACHE	https://www.github.com
1761784614	NO_CACHE	https://www.google.com
1761784614	NO_CACHE	https://www.google.com
1761784614	NO_CACHE	https://www.google.com
1761784614	NO_CACHE	https://www.google.com
1761784614	NO_CACHE	https://www.google.com
1761784615	NO_CACHE	https://www.google.com
1761784615	NO_CACHE	https://www.google.com
1761784615	NO_CACHE	https://www.google.com
1761784615	NO_CACHE	https://www.google.com
1761784615	NO_CACHE	https://www.google.com
1761784616	NO_CACHE	https://www.google.com
1761784616	NO_CACHE	https://www.google.com
1761784616	NO_CACHE	https://www.google.com
1761784616	NO_CACHE	https://www.google.com
1761784616	NO_CACHE	https://www.google.com
1761784617	NO_CACHE	https://www.google.com
1761784617	NO_CACHE	https://www.google.com
1761784617	NO_CACHE	https://www.google.com
1761784617	NO_CACHE	https://www.google.com
1761784617	NO_CACHE	https://www.google.com
1761784618	NO_CACHE	https://www.google.com
1761784618	NO_CACHE	https://www.google.com
1761784618	NO_CACHE	https://www.google.com
1761784618	NO_CACHE	https://www.google.com
1761784618	NO_CACHE	https://www.google.com
1761784619	NO_CACHE	https://www.google.com
1761784619	NO_CACHE	https://www.google.com
1761784619	NO_CACHE	https://www.google.com
1761784619	NO_CACHE	https://www.google.com
1761784619	NO_CACHE	https://www.google.com
1761784620	NO_CACHE	https://www.google.com
1761784621	NO_CACHE	https://www.google.com
1761784621	NO_CACHE	https://www.google.com
1761784621	NO_CACHE	https://www.google.com
1761784621	NO_CACHE	https://www.google.com
1761784621	NO_CACHE	https://www.google.com
1761784622	NO_CACHE	https://www.google.com
1761784622	NO_CACHE	https://www.google.com
1761784622	NO_CACHE	https://www.google.com
1761784622	NO_CACHE	https://www.google.com
1761784622	NO_CACHE	https://www.google.com
1761784623	NO_CACHE	https://www.google.com
1761784623	NO_CACHE	https://www.google.com
1761784623	NO_CACHE	https://www.google.com
1761784623	NO_CACHE	https://www.google.com
1761784623	NO_CACHE	https://www.google.com
1761784626	NO_CACHE	https://www.google.com
1761784626	NO_CACHE	https://www.google.com
1761784626	NO_CACHE	https://www.google.com
1761784629	NO_CACHE	https://www.google.com
1761784635	NO_CACHE	https://www.wikipedia.org
1761784635	NO_CACHE	https://www.wikipedia.org
1761784636	NO_CACHE	https://www.wikipedia.org
1761784636	NO_CACHE	https://www.wikipedia.org
1761784637	NO_CACHE	https://www.microsoft.com
1761784637	NO_CACHE	https://www.microsoft.com
1761784639	NO_CACHE	https://www.wikipedia.org
1761784640	NO_CACHE	https://www.microsoft.com
1761784640	NO_CACHE	https://www.github.com
1761784640	NO_CACHE	https://www.microsoft.com
1761784641	NO_CACHE	https://www.wikipedia.org
1761784641	NO_CACHE	https://www.github.com
1761784641	NO_CACHE	https://www.github.com
1761784641	NO_CACHE	https://www.github.com
1761784641	NO_CACHE	https://www.github.com
1761784642	NO_CACHE	https://www.microsoft.com
1761784642	NO_CACHE	https://www.wikipedia.org
1761784642	NO_CACHE	https://www.wikipedia.org
1761784642	NO_CACHE	https://www.wikipedia.org
1761784642	NO_CACHE	https://www.wikipedia.org
1761784642	NO_CACHE	https://www.github.com
1761784642	NO_CACHE	https://www.apple.com
1761784642	NO_CACHE	https://www.apple.com
1761784642	NO_CACHE	https://www.github.com
1761784643	NO_CACHE	https://www.microsoft.com
1761784643	NO_CACHE	https://www.docker.com
1761784643	NO_CACHE	https://www.docker.com
1761784643	NO_CACHE	https://www.wikipedia.org
1761784643	NO_CACHE	https://www.wikipedia.org
1761784644	NO_CACHE	https://www.python.org
1761784644	NO_CACHE	https://www.python.org
1761784644	NO_CACHE	https://www.microsoft.com
1761784644	NO_CACHE	https://www.ruby-lang.org
1761784644	NO_CACHE	https://www.microsoft.com
1761784644	NO_CACHE	https://www.ruby-lang.org
1761784644	NO_CACHE	https://www.microsoft.com
1761784644	NO_CACHE	https://www.apple.com
1761784644	NO_CACHE	https://www.microsoft.com
1761784645	NO_CACHE	https://locust.io
1761784645	NO_CACHE	https://www.github.com
1761784645	NO_CACHE	https://locust.io
1761784645	NO_CACHE	https://www.github.com
1761784645	NO_CACHE	https://www.microsoft.com
1761784645	NO_CACHE	https://www.github.com
1761784645	NO_CACHE	https://www.github.com
1761784645	NO_CACHE	https://www.apple.com
1761784645	NO_CACHE	https://www.github.com
1761784646	NO_CACHE	https://www.github.com
1761784647	NO_CACHE	https://www.wikipedia.org
1761784647	NO_CACHE	https://www.wikipedia.org
1761784647	NO_CACHE	https://www.wikipedia.org
1761784647	NO_CACHE	https://www.docker.com
1761784647	NO_CACHE	https://www.wikipedia.org
1761784647	NO_CACHE	https://www.google.com
1761784647	NO_CACHE	https://www.apple.com
1761784648	NO_CACHE	https://www.wikipedia.org
1761784648	NO_CACHE	https://www.python.org
1761784648	NO_CACHE	https://www.github.com
1761784648	NO_CACHE	https://www.github.com
1761784648	NO_CACHE	https://www.github.com
1761784648	NO_CACHE	https://www.github.com
1761784648	NO_CACHE	https://www.github.com
1761784648	NO_CACHE	https://www.github.com
1761784648	NO_CACHE	https://www.ruby-lang.org
1761784649	NO_CACHE	https://www.github.com
1761784649	NO_CACHE	https://www.apple.com
1761784649	NO_CACHE	https://www.github.com
1761784649	NO_CACHE	https://www.github.com
1761784649	NO_CACHE	https://www.google.com
1761784649	NO_CACHE	https://www.docker.com
1761784649	NO_CACHE	https://www.github.com
1761784649	NO_CACHE	https://www.wikipedia.org
1761784649	NO_CACHE	https://www.wikipedia.org
1761784649	NO_CACHE	https://www.wikipedia.org
1761784649	NO_CACHE	https://www.wikipedia.org
1761784649	NO_CACHE	https://locust.io
1761784649	NO_CACHE	https://www.wikipedia.org
1761784650	NO_CACHE	https://www.wikipedia.org
1761784650	NO_CACHE	https://www.microsoft.com
1761784650	NO_CACHE	https://www.microsoft.com
1761784650	NO_CACHE	https://www.microsoft.com
1761784650	NO_CACHE	https://www.microsoft.com
1761784650	NO_CACHE	https://www.apple.com
1761784650	NO_CACHE	https://www.github.com
1761784650	NO_CACHE	https://www.github.com
1761784650	NO_CACHE	https://www.docker.com
1761784650	NO_CACHE	https://www.github.com
1761784651	NO_CACHE	https://www.github.com
1761784651	NO_CACHE	https://www.microsoft.com
1761784651	NO_CACHE	https://www.wikipedia.org
1761784651	NO_CACHE	https://www.python.org
1761784651	NO_CACHE	https://www.wikipedia.org
1761784651	NO_CACHE	https://www.wikipedia.org
1761784651	NO_CACHE	https://www.microsoft.com
1761784651	NO_CACHE	https://www.wikipedia.org
1761784651	NO_CACHE	https://www.github.com
1761784651	NO_CACHE	https://www.docker.com
1761784652	NO_CACHE	https://www.wikipedia.org
1761784652	NO_CACHE	https://www.github.com
1761784652	NO_CACHE	https://www.github.com
1761784653	NO_CACHE	https://www.docker.com
1761784653	NO_CACHE	https://www.microsoft.com
1761784653	NO_CACHE	https://www.wikipedia.org
1761784653	NO_CACHE	https://www.github.com
1761784653	NO_CACHE	https://www.github.com
1761784653	NO_CACHE	https://www.apple.com
1761784653	NO_CACHE	https://www.microsoft.com
1761784653	NO_CACHE	https://www.github.com
1761784653	NO_CACHE	https://www.github.com
1761784653	NO_CACHE	https://www.wikipedia.org
1761784653	NO_CACHE	https://www.github.com
1761784653	NO_CACHE	https://www.python.org
1761784654	NO_CACHE	https://www.apple.com
1761784654	NO_CACHE	https://www.apple.com
1761784654	NO_CACHE	https://www.wikipedia.org
1761784654	NO_CACHE	https://www.github.com
1761784654	NO_CACHE	https://www.apple.com
1761784654	NO_CACHE	https://www.apple.com
1761784654	NO_CACHE	https://www.wikipedia.org
1761784654	NO_CACHE	https://www.wikipedia.org
1761784654	NO_CACHE	https://www.ruby-lang.org
1761784654	NO_CACHE	https://www.docker.com
1761784656	NO_CACHE	https://www.wikipedia.org
1761784656	NO_CACHE	https://www.wikipedia.org
1761784656	NO_CACHE	https://www.docker.com
1761784656	NO_CACHE	https://www.docker.com
1761784656	NO_CACHE	https://www.github.com
1761784656	NO_CACHE	https://www.github.com
1761784656	NO_CACHE	https://www.python.org
1761784656	NO_CACHE	https://www.wikipedia.org
1761784656	NO_CACHE	https://www.ruby-lang.org
1761784656	NO_CACHE	https://www.microsoft.com
1761784656	NO_CACHE	https://www.docker.com
1761784656	NO_CACHE	https://www.docker.com
1761784656	NO_CACHE	https://locust.io
1761784656	NO_CACHE	https://www.github.com
1761784657	NO_CACHE	https://www.microsoft.com
1761784657	NO_CACHE	https://www.apple.com
1761784657	NO_CACHE	https://www.microsoft.com
1761784657	NO_CACHE	https://www.python.org
1761784657	NO_CACHE	https://www.python.org
1761784657	NO_CACHE	https://www.ruby-lang.org
1761784657	NO_CACHE	https://www.python.org
1761784657	NO_CACHE	https://www.python.org
1761784657	NO_CACHE	https://www.wikipedia.org
1761784657	NO_CACHE	https://www.python.org
1761784658	NO_CACHE	https://www.wikipedia.org
1761784658	NO_CACHE	https://www.microsoft.com
1761784658	NO_CACHE	https://www.wikipedia.org
1761784658	NO_CACHE	https://www.github.com
1761784658	NO_CACHE	https://www.microsoft.com
1761784658	NO_CACHE	https://www.microsoft.com
1761784658	NO_CACHE	https://www.apple.com
1761784658	NO_CACHE	https://www.wikipedia.org
1761784658	NO_CACHE	https://www.github.com
1761784658	NO_CACHE	https://www.microsoft.com
1761784658	NO_CACHE	https://www.microsoft.com
1761784658	NO_CACHE	https://www.ruby-lang.org
1761784658	NO_CACHE	https://www.ruby-lang.org
1761784658	NO_CACHE	https://locust.io
1761784658	NO_CACHE	https://www.ruby-lang.org
1761784658	NO_CACHE	https://www.ruby-lang.org
1761784658	NO_CACHE	https://www.ruby-lang.org
1761784659	NO_CACHE	https://www.wikipedia.org
1761784659	NO_CACHE	https://www.microsoft.com
1761784659	NO_CACHE	https://www.python.org
1761784659	NO_CACHE	https://www.apple.com
1761784659	NO_CACHE	https://www.apple.com
1761784659	NO_CACHE	https://www.microsoft.com
1761784659	NO_CACHE	https://www.wikipedia.org
1761784659	NO_CACHE	https://www.google.com
1761784659	NO_CACHE	https://locust.io
1761784659	NO_CACHE	https://www.docker.com
1761784659	NO_CACHE	https://www.wikipedia.org
1761784659	NO_CACHE	https://www.wikipedia.org
1761784659	NO_CACHE	https://www.docker.com
1761784659	NO_CACHE	https://www.apple.com
1761784659	NO_CACHE	https://www.microsoft.com
1761784659	NO_CACHE	https://www.microsoft.com
1761784660	NO_CACHE	https://www.wikipedia.org
1761784660	NO_CACHE	https://www.google.com
1761784660	NO_CACHE	https://www.github.com
1761784660	NO_CACHE	https://www.microsoft.com
1761784660	NO_CACHE	https://www.github.com
1761784661	NO_CACHE	https://www.wikipedia.org
1761784661	NO_CACHE	https://www.wikipedia.org
1761784661	NO_CACHE	https://www.apple.com
1761784661	NO_CACHE	https://www.apple.com
1761784661	NO_CACHE	https://www.github.com
1761784661	NO_CACHE	https://www.apple.com
1761784661	NO_CACHE	https://www.google.com
1761784662	NO_CACHE	https://www.google.com
1761784662	NO_CACHE	https://www.microsoft.com
1761784662	NO_CACHE	https://www.docker.com
1761784662	NO_CACHE	https://www.docker.com
1761784663	NO_CACHE	https://www.wikipedia.org
1761784663	NO_CACHE	https://www.docker.com
1761784663	NO_CACHE	https://www.apple.com
1761784663	NO_CACHE	https://www.apple.com
1761784663	NO_CACHE	https://www.python.org
1761784663	NO_CACHE	https://www.python.org
1761784663	NO_CACHE	https://www.microsoft.com
1761784663	NO_CACHE	https://www.microsoft.com
1761784663	NO_CACHE	https://www.python.org
1761784663	NO_CACHE	https://www.ruby-lang.org
1761784663	NO_CACHE	https://www.docker.com
1761784663	NO_CACHE	https://www.ruby-lang.org
1761784663	NO_CACHE	https://www.docker.com
1761784664	NO_CACHE	https://www.ruby-lang.org
1761784664	NO_CACHE	https://www.apple.com
1761784664	NO_CACHE	https://locust.io
1761784664	NO_CACHE	https://www.python.org
1761784664	NO_CACHE	https://www.python.org
1761784664	NO_CACHE	https://locust.io
1761784664	NO_CACHE	https://www.microsoft.com
1761784664	NO_CACHE	https://locust.io
1761784664	NO_CACHE	https://locust.io
1761784664	NO_CACHE	https://www.ruby-lang.org
1761784664	NO_CACHE	https://www.apple.com
1761784664	NO_CACHE	https://www.python.org
1761784664	NO_CACHE	https://locust.io
1761784664	NO_CACHE	https://locust.io
1761784664	NO_CACHE	https://locust.io
1761784665	NO_CACHE	https://www.apple.com
1761784665	NO_CACHE	https://www.microsoft.com
1761784665	NO_CACHE	https://www.microsoft.com
1761784665	NO_CACHE	https://www.docker.com
1761784665	NO_CACHE	https://www.docker.com
1761784665	NO_CACHE	https://www.ruby-lang.org
1761784665	NO_CACHE	https://www.microsoft.com
1761784665	NO_CACHE	https://www.python.org
1761784665	NO_CACHE	https://www.microsoft.com
1761784665	NO_CACHE	https://www.ruby-lang.org
1761784665	NO_CACHE	https://locust.io
1761784665	NO_CACHE	https://www.docker.com
1761784665	NO_CACHE	https://www.docker.com
1761784665	NO_CACHE	https://www.microsoft.com
1761784665	NO_CACHE	https://www.apple.com
1761784665	NO_CACHE	https://www.apple.com
1761784665	NO_CACHE	https://www.apple.com
1761784666	NO_CACHE	https://www.wikipedia.org
1761784666	NO_CACHE	https://www.google.com
1761784666	NO_CACHE	https://www.docker.com
1761784667	NO_CACHE	https://www.docker.com
1761784667	NO_CACHE	https://www.google.com
1761784667	NO_CACHE	https://www.google.com
1761784667	NO_CACHE	https://www.google.com
1761784667	NO_CACHE	https://www.google.com
1761784667	NO_CACHE	https://www.python.org
1761784667	NO_CACHE	https://www.google.com
1761784667	NO_CACHE	https://www.google.com
1761784668	NO_CACHE	https://www.ruby-lang.org
1761784668	NO_CACHE	https://www.microsoft.com
1761784668	NO_CACHE	https://www.google.com
1761784669	NO_CACHE	https://www.apple.com
1761784669	NO_CACHE	https://locust.io
1761784669	NO_CACHE	https://www.github.com
1761784670	NO_CACHE	https://www.docker.com
1761784670	NO_CACHE	https://www.apple.com
1761784670	NO_CACHE	https://www.apple.com
1761784670	NO_CACHE	https://www.docker.com
1761784670	NO_CACHE	https://www.python.org
1761784670	NO_CACHE	https://www.apple.com
1761784670	NO_CACHE	https://www.python.org
1761784670	NO_CACHE	https://www.ruby-lang.org
1761784671	NO_CACHE	https://www.python.org
1761784671	NO_CACHE	https://www.microsoft.com
1761784671	NO_CACHE	https://www.wikipedia.org
1761784671	NO_CACHE	https://www.ruby-lang.org
1761784671	NO_CACHE	https://www.microsoft.com
1761784671	NO_CACHE	https://locust.io
1761784671	NO_CACHE	https://www.microsoft.com
1761784671	NO_CACHE	https://www.python.org
1761784671	NO_CACHE	https://www.ruby-lang.org
1761784671	NO_CACHE	https://www.apple.com
1761784671	NO_CACHE	https://locust.io
1761784671	NO_CACHE	https://www.python.org
1761784671	NO_CACHE	https://www.microsoft.com
1761784671	NO_CACHE	https://www.docker.com
1761784671	NO_CACHE	https://locust.io
1761784671	NO_CACHE	https://www.docker.com
1761784671	NO_CACHE	https://www.docker.com
1761784672	NO_CACHE	https://www.ruby-lang.org
1761784672	NO_CACHE	https://www.google.com
1761784672	NO_CACHE	https://www.docker.com
1761784672	NO_CACHE	https://www.apple.com
1761784672	NO_CACHE	https://www.ruby-lang.org
1761784672	NO_CACHE	https://www.ruby-lang.org
1761784672	NO_CACHE	https://www.python.org
1761784672	NO_CACHE	https://www.docker.com
1761784672	NO_CACHE	https://www.docker.com
1761784672	NO_CACHE	https://www.ruby-lang.org
1761784672	NO_CACHE	https://locust.io
1761784672	NO_CACHE	https://locust.io
1761784672	NO_CACHE	https://www.python.org
1761784672	NO_CACHE	https://www.python.org
1761784672	NO_CACHE	https://www.docker.com
1761784672	NO_CACHE	https://locust.io
1761784673	NO_CACHE	https://www.apple.com
1761784673	NO_CACHE	https://www.apple.com
1761784673	NO_CACHE	https://www.python.org
1761784673	NO_CACHE	https://www.apple.com
1761784673	NO_CACHE	https://www.microsoft.com
1761784673	NO_CACHE	https://www.microsoft.com
1761784673	NO_CACHE	https://www.apple.com
1761784674	NO_CACHE	https://www.apple.com
1761784674	NO_CACHE	https://www.python.org
1761784675	NO_CACHE	https://www.github.com
1761784676	NO_CACHE	https://www.apple.com
1761784676	NO_CACHE	https://www.github.com
1761784678	NO_CACHE	https://www.python.org
1761784678	NO_CACHE	https://www.github.com
1761784678	NO_CACHE	https://www.github.com
1761784679	NO_CACHE	https://www.github.com
1761784679	NO_CACHE	https://www.github.com
1761784679	NO_CACHE	https://www.github.com
1761784679	NO_CACHE	https://www.github.com
1761784680	NO_CACHE	https://www.ruby-lang.org
1761784680	NO_CACHE	https://www.python.org
1761784680	NO_CACHE	https://www.docker.com
1761784680	NO_CACHE	https://locust.io
1761784680	NO_CACHE	https://locust.io
1761784680	NO_CACHE	https://locust.io
1761784680	NO_CACHE	https://www.github.com
1761784681	NO_CACHE	https://www.github.com
1761784681	NO_CACHE	https://www.apple.com
1761784683	NO_CACHE	https://www.github.com
1761784683	NO_CACHE	https://www.github.com
1761784684	NO_CACHE	https://www.github.com
1761784684	NO_CACHE	https://www.github.com
1761784686	NO_CACHE	https://www.microsoft.com
1761784689	NO_CACHE	https://www.microsoft.com
1761784693	NO_CACHE	https://www.github.com
